=== 提交更改 ===
[main 7a191fc] Data update: 02-23 16:00
 38 files changed, 485 insertions(+), 3522 deletions(-)
 create mode 100644 README.md
 create mode 100644 __pycache__/predictor.cpython-312.pyc
 delete mode 100644 collector.log
 delete mode 100644 counter.py
 delete mode 100644 counts.json
 delete mode 100644 cron.log
 delete mode 100644 daily_snapshot.py
 delete mode 100644 daily_snapshots.json
 delete mode 100644 dashboard.log
 create mode 100644 data/history.json
 delete mode 100644 decode_time.py
 delete mode 100644 fetch_analysis.py
 delete mode 100644 fetcher.py
 delete mode 100644 fetcher_final.py
 delete mode 100644 fetcher_rss.py
 delete mode 100644 fetcher_v3.py
 delete mode 100755 index.html
 create mode 100644 logs/collector.log
 create mode 100644 logs/server.log
 delete mode 100644 monitor.py
 delete mode 100644 polymarket_data.py
 create mode 100644 predictor.py
 delete mode 100644 private_dashboard.py
 delete mode 100644 react-app/package.json
 delete mode 100644 react-app/src/App.js
 delete mode 100644 react-app/src/index.js
 delete mode 100644 stats.json
 delete mode 100644 temp_backend.js
 delete mode 100644 tweet_counts.json
 delete mode 100644 tweets.json
 delete mode 100755 update.sh
 delete mode 100755 update_all.sh
=== 推送到 GitHub ===
To https://github.com/parlpott-gif/polymarket_musk_monitor.git
   44eec7e..7a191fc  main -> main

推送完成: Mon Feb 23 04:00:01 PM CST 2026
=== 提交更改 ===
[main cab729a] Data update: 02-23 17:00
 7 files changed, 202 insertions(+), 104 deletions(-)
 create mode 100644 fix_sync.py
=== 推送到 GitHub ===
To https://github.com/parlpott-gif/polymarket_musk_monitor.git
   7a191fc..cab729a  main -> main
=== 检查 Pages 状态 ===

=== 验证 GitHub Pages 部署状态 ===
⏳ 部署中... (已等待 0s)
⏳ 部署中... (已等待 10s)
⏳ 部署中... (已等待 20s)
⏳ 部署中... (已等待 30s)
✅ 部署成功! Pages 已上线
   URL: https://parlpott-gif.github.io/polymarket_musk_monitor/

=== 推送完成 ===
仓库: https://github.com/parlpott-gif/polymarket_musk_monitor
=== 提交更改 ===
[main 0e65dc6] Data update: 02-23 18:00
 3 files changed, 25 insertions(+)
=== 推送到 GitHub ===
To https://github.com/parlpott-gif/polymarket_musk_monitor.git
   cab729a..0e65dc6  main -> main
=== 检查 Pages 状态 ===

=== 验证 GitHub Pages 部署状态 ===
⏳ 部署中... (已等待 0s)
⏳ 部署中... (已等待 10s)
⏳ 部署中... (已等待 20s)
⏳ 部署中... (已等待 30s)
✅ 部署成功! Pages 已上线
   URL: https://parlpott-gif.github.io/polymarket_musk_monitor/

=== 推送完成 ===
仓库: https://github.com/parlpott-gif/polymarket_musk_monitor
=== 提交更改 ===
[main 08c9b0f] Data update: 02-23 19:00
 3 files changed, 26 insertions(+)
=== 推送到 GitHub ===
To https://github.com/parlpott-gif/polymarket_musk_monitor.git
   0e65dc6..08c9b0f  main -> main
=== 检查 Pages 状态 ===

=== 验证 GitHub Pages 部署状态 ===
⏳ 部署中... (已等待 0s)
⏳ 部署中... (已等待 10s)
⏳ 部署中... (已等待 20s)
⏳ 部署中... (已等待 30s)
✅ 部署成功! Pages 已上线
   URL: https://parlpott-gif.github.io/polymarket_musk_monitor/

=== 推送完成 ===
仓库: https://github.com/parlpott-gif/polymarket_musk_monitor
=== 提交更改 ===
[main 9614ac2] Data update: 02-23 20:00
 3 files changed, 22 insertions(+)
=== 推送到 GitHub ===
To https://github.com/parlpott-gif/polymarket_musk_monitor.git
   08c9b0f..9614ac2  main -> main
=== 检查 Pages 状态 ===

=== 验证 GitHub Pages 部署状态 ===
⏳ 部署中... (已等待 0s)
⏳ 部署中... (已等待 10s)
⏳ 部署中... (已等待 20s)
⏳ 部署中... (已等待 30s)
⏳ 部署中... (已等待 40s)
⏳ 部署中... (已等待 50s)
✅ 部署成功! Pages 已上线
   URL: https://parlpott-gif.github.io/polymarket_musk_monitor/

=== 推送完成 ===
仓库: https://github.com/parlpott-gif/polymarket_musk_monitor
