
[13:31:02] 抓取推文...
获取 21 条
数据库更新: 共 21 条, 新增 0 条

==================================================
📊 数据收集摘要
==================================================
总推文数: 21
今日新增: 0

📅 最近7天每日条数:
  2026-02-23: 6 条

📆 最近4周每周条数:
  2026-W08: 6 条

🗓️ 每月条数:
  2026-02: 21 条
==================================================

[13:35:01] 抓取推文...
获取 21 条
数据库更新: 共 21 条, 新增 0 条

==================================================
📊 数据收集摘要
==================================================
总推文数: 21
今日新增: 0

📅 最近7天每日条数:
  2026-02-23: 6 条

📆 最近4周每周条数:
  2026-W08: 6 条

🗓️ 每月条数:
  2026-02: 21 条
==================================================

[13:40:01] 抓取推文...
获取失败

[13:45:02] 抓取推文...
获取 21 条
数据库更新: 共 21 条, 新增 0 条

==================================================
📊 数据收集摘要
==================================================
总推文数: 21
今日新增: 0

📅 最近7天每日条数:
  2026-02-23: 6 条

📆 最近4周每周条数:
  2026-W08: 6 条

🗓️ 每月条数:
  2026-02: 21 条
==================================================

[13:50:01] 抓取推文...
获取 21 条
数据库更新: 共 21 条, 新增 0 条

==================================================
📊 数据收集摘要
==================================================
总推文数: 21
今日新增: 0

📅 最近7天每日条数:
  2026-02-23: 6 条

📆 最近4周每周条数:
  2026-W08: 6 条

🗓️ 每月条数:
  2026-02: 21 条
==================================================

[13:55:01] 抓取推文...
获取 21 条
数据库更新: 共 21 条, 新增 0 条

==================================================
📊 数据收集摘要
==================================================
总推文数: 21
今日新增: 0

📅 最近7天每日条数:
  2026-02-23: 6 条

📆 最近4周每周条数:
  2026-W08: 6 条

🗓️ 每月条数:
  2026-02: 21 条
==================================================

[14:00:01] 抓取推文...
获取 21 条
数据库更新: 共 21 条, 新增 0 条

==================================================
📊 数据收集摘要
==================================================
总推文数: 21
今日新增: 0

📅 最近7天每日条数:
  2026-02-23: 6 条

📆 最近4周每周条数:
  2026-W08: 6 条

🗓️ 每月条数:
  2026-02: 21 条
==================================================
