[main c8d7e65] Update: 2026-02-23 12:45:01
 1 file changed, 0 insertions(+), 0 deletions(-)
 create mode 100644 cron.log
To https://github.com/parlpott-gif/polymarket_musk_monitor.git
   2945f51..c8d7e65  main -> main
推送完成: Mon Feb 23 12:45:01 PM CST 2026
没有新内容需要推送
[main 7783a1d] Update: 2026-02-23 12:55:01
 4 files changed, 265 insertions(+)
 create mode 100644 fetcher.py
 create mode 100644 fetcher_rss.py
 create mode 100644 tweets.json
To https://github.com/parlpott-gif/polymarket_musk_monitor.git
   c8d7e65..7783a1d  main -> main
推送完成: Mon Feb 23 12:55:02 PM CST 2026

[2026-02-23 13:00:01] === 检查推文 ===
抓取: xcancel
✓ 获取 21 条推文
🎉 20 条新推文!
✓ JSON 已保存: 21 条
✓ HTML 已更新
=== 完成 ===

=== 提交更改 ===
[main 6f311c4] Update tweets: 2026-02-23 13:00
 2 files changed, 10 insertions(+), 1 deletion(-)
=== 推送到 GitHub ===
To https://github.com/parlpott-gif/polymarket_musk_monitor.git
   e4dce04..6f311c4  main -> main

推送完成: Mon Feb 23 01:00:02 PM CST 2026
=== 更新完成 ===

[2026-02-23 13:05:01] === 检查推文 ===
抓取: xcancel
✓ 获取 21 条推文
🎉 20 条新推文!
✓ JSON 已保存: 21 条
✓ HTML 已更新
=== 完成 ===

=== 提交更改 ===
[main f9f4c96] Update tweets: 2026-02-23 13:05
 4 files changed, 122 insertions(+), 1 deletion(-)
 create mode 100644 counter.py
 create mode 100644 tweet_counts.json
=== 推送到 GitHub ===
To https://github.com/parlpott-gif/polymarket_musk_monitor.git
   6f311c4..f9f4c96  main -> main

推送完成: Mon Feb 23 01:05:01 PM CST 2026
=== 更新完成 ===

[2026-02-23 13:10:01] === 检查推文 ===
抓取: xcancel
✓ 获取 21 条推文
🎉 20 条新推文!
✓ JSON 已保存: 21 条
✓ HTML 已更新
=== 完成 ===

=== 提交更改 ===
[main 8c7195c] Update tweets: 2026-02-23 13:10
 4 files changed, 370 insertions(+), 244 deletions(-)
 create mode 100644 monitor.py
=== 推送到 GitHub ===
To https://github.com/parlpott-gif/polymarket_musk_monitor.git
   f9f4c96..8c7195c  main -> main

推送完成: Mon Feb 23 01:10:02 PM CST 2026
=== 更新完成 ===

[2026-02-23 13:15:01] === 检查推文 ===
抓取: xcancel
✓ 获取 21 条推文
🎉 20 条新推文!
✓ JSON 已保存: 21 条
✓ HTML 已更新
=== 完成 ===

